--------------------------------------------------------------------------------
Release 14.7 Trace  (nt64)
Copyright (c) 1995-2013 Xilinx, Inc.  All rights reserved.

C:\Xilinx\14.7\ISE_DS\ISE\bin\nt64\unwrapped\trce.exe -intstyle ise -v 3 -s 3
-n 3 -fastpaths -xml barrel_shift_register.twx barrel_shift_register.ncd -o
barrel_shift_register.twr barrel_shift_register.pcf

Design file:              barrel_shift_register.ncd
Physical constraint file: barrel_shift_register.pcf
Device,package,speed:     xc6slx4,tqg144,C,-3 (PRODUCTION 1.23 2013-10-13)
Report level:             verbose report

Environment Variable      Effect 
--------------------      ------ 
NONE                      No environment variables were set
--------------------------------------------------------------------------------

INFO:Timing:2698 - No timing constraints found, doing default enumeration.
INFO:Timing:3412 - To improve timing, see the Timing Closure User Guide (UG612).
INFO:Timing:2752 - To get complete path coverage, use the unconstrained paths 
   option. All paths that are not constrained will be reported in the 
   unconstrained paths section(s) of the report.
INFO:Timing:3339 - The clock-to-out numbers in this timing report are based on 
   a 50 Ohm transmission line loading model.  For the details of this model, 
   and for more information on accounting for different loading conditions, 
   please see the device datasheet.



Data Sheet report:
-----------------
All values displayed in nanoseconds (ns)

Pad to Pad
---------------+---------------+---------+
Source Pad     |Destination Pad|  Delay  |
---------------+---------------+---------+
control        |out<0>         |    9.313|
control        |out<1>         |    9.013|
control        |out<2>         |    9.166|
control        |out<3>         |    8.455|
control        |out<4>         |    8.528|
control        |out<5>         |    9.108|
control        |out<6>         |    8.573|
control        |out<7>         |    8.956|
in<0>          |out<0>         |    8.090|
in<0>          |out<1>         |    8.023|
in<0>          |out<2>         |    7.098|
in<0>          |out<3>         |    7.385|
in<0>          |out<5>         |    7.865|
in<0>          |out<6>         |    7.532|
in<0>          |out<7>         |    6.811|
in<1>          |out<0>         |    8.087|
in<1>          |out<1>         |    8.005|
in<1>          |out<2>         |    7.241|
in<1>          |out<3>         |    6.899|
in<1>          |out<4>         |    7.435|
in<1>          |out<6>         |    7.073|
in<1>          |out<7>         |    7.656|
in<2>          |out<0>         |    7.643|
in<2>          |out<1>         |    7.704|
in<2>          |out<2>         |    7.463|
in<2>          |out<3>         |    7.489|
in<2>          |out<4>         |    7.485|
in<2>          |out<5>         |    7.975|
in<2>          |out<7>         |    8.301|
in<3>          |out<0>         |    8.220|
in<3>          |out<1>         |    6.820|
in<3>          |out<2>         |    7.726|
in<3>          |out<3>         |    7.284|
in<3>          |out<4>         |    8.852|
in<3>          |out<5>         |    7.325|
in<3>          |out<6>         |    7.025|
in<4>          |out<1>         |    8.515|
in<4>          |out<2>         |    8.219|
in<4>          |out<3>         |    8.347|
in<4>          |out<4>         |    9.451|
in<4>          |out<5>         |    8.087|
in<4>          |out<6>         |    8.107|
in<4>          |out<7>         |    8.623|
in<5>          |out<0>         |    8.529|
in<5>          |out<2>         |    7.911|
in<5>          |out<3>         |    8.199|
in<5>          |out<4>         |    8.308|
in<5>          |out<5>         |    8.027|
in<5>          |out<6>         |    7.424|
in<5>          |out<7>         |    7.530|
in<6>          |out<0>         |    8.497|
in<6>          |out<1>         |    8.572|
in<6>          |out<3>         |    8.078|
in<6>          |out<4>         |    8.587|
in<6>          |out<5>         |    8.261|
in<6>          |out<6>         |    7.958|
in<6>          |out<7>         |    7.809|
in<7>          |out<0>         |    8.856|
in<7>          |out<1>         |    8.565|
in<7>          |out<2>         |    8.208|
in<7>          |out<4>         |    8.894|
in<7>          |out<5>         |    8.620|
in<7>          |out<6>         |    8.074|
in<7>          |out<7>         |    8.155|
shift_mag<0>   |out<0>         |    8.511|
shift_mag<0>   |out<1>         |    8.001|
shift_mag<0>   |out<2>         |    8.344|
shift_mag<0>   |out<3>         |    7.830|
shift_mag<0>   |out<4>         |    9.167|
shift_mag<0>   |out<5>         |    7.985|
shift_mag<0>   |out<6>         |    7.637|
shift_mag<0>   |out<7>         |    8.170|
shift_mag<1>   |out<0>         |    8.335|
shift_mag<1>   |out<1>         |    8.159|
shift_mag<1>   |out<2>         |    8.164|
shift_mag<1>   |out<3>         |    7.654|
shift_mag<1>   |out<4>         |    9.085|
shift_mag<1>   |out<5>         |    7.973|
shift_mag<1>   |out<6>         |    7.804|
shift_mag<1>   |out<7>         |    8.316|
shift_mag<2>   |out<0>         |    8.851|
shift_mag<2>   |out<1>         |    8.355|
shift_mag<2>   |out<2>         |    8.353|
shift_mag<2>   |out<3>         |    7.916|
shift_mag<2>   |out<4>         |    8.589|
shift_mag<2>   |out<5>         |    8.561|
shift_mag<2>   |out<6>         |    7.982|
shift_mag<2>   |out<7>         |    7.970|
---------------+---------------+---------+


Analysis completed Fri Oct 30 11:49:33 2020 
--------------------------------------------------------------------------------

Trace Settings:
-------------------------
Trace Settings 

Peak Memory Usage: 4554 MB



